Build started 11/13/2014 5:47:30 PM.
     1>Project "C:\Users\xyyehlab\Desktop\simple_client_2014\PumaClient.vcxproj" on node 2 (build target(s)).
     1>InitializeBuildStatus:
         Creating "Release\PumaClient.unsuccessfulbuild" because "AlwaysCreate" was specified.
       ClCompile:
         c:\Program Files (x86)\Microsoft Visual Studio 10.0\VC\bin\CL.exe /c /I./Robot /Zi /nologo /W3 /WX- /O2 /Oy- /D WIN32 /D NDEBUG /D _CONSOLE /D _VC80_UPGRADE=0x0710 /Gm- /EHsc /MT /GS /fp:precise /Zc:wchar_t /Zc:forScope /Fo"Release\\" /Fd"Release\vc100.pdb" /Gd /TP /analyze- /errorReport:prompt Robot\RobotCom.cpp
         RobotCom.cpp
     1>c:\users\xyyehlab\desktop\simple_client_2014\robot\unitMsg.h(123): warning C4996: 'strncpy': This function or variable may be unsafe. Consider using strncpy_s instead. To disable deprecation, use _CRT_SECURE_NO_WARNINGS. See online help for details.
                 c:\Program Files (x86)\Microsoft Visual Studio 10.0\VC\include\string.h(188) : see declaration of 'strncpy'
       Link:
         c:\Program Files (x86)\Microsoft Visual Studio 10.0\VC\bin\link.exe /ERRORREPORT:PROMPT /OUT:"Release\PumaClient.exe" /INCREMENTAL:NO /NOLOGO Ws2_32.lib kernel32.lib user32.lib gdi32.lib winspool.lib comdlg32.lib advapi32.lib shell32.lib ole32.lib oleaut32.lib uuid.lib odbc32.lib odbccp32.lib /MANIFEST /ManifestFile:"Release\PumaClient.exe.intermediate.manifest" /MANIFESTUAC:"level='asInvoker' uiAccess='false'" /DEBUG /PDB:"C:\Users\xyyehlab\Desktop\simple_client_2014\Release\PumaClient.pdb" /SUBSYSTEM:CONSOLE /OPT:REF /OPT:ICF /TLBID:1 /DYNAMICBASE:NO /IMPLIB:"Release\PumaClient.lib" /MACHINE:X86 Release\PumaClient.obj
         Release\RobotCom.obj
         Release\unitMsg.obj
         PumaClient.vcxproj -> C:\Users\xyyehlab\Desktop\simple_client_2014\Release\PumaClient.exe
       Manifest:
         C:\Program Files (x86)\Microsoft SDKs\Windows\v7.0A\bin\mt.exe /nologo /verbose /outputresource:"Release\PumaClient.exe;#1" /manifest Release\PumaClient.exe.intermediate.manifest
       FinalizeBuildStatus:
         Deleting file "Release\PumaClient.unsuccessfulbuild".
         Touching "Release\PumaClient.lastbuildstate".
     1>Done Building Project "C:\Users\xyyehlab\Desktop\simple_client_2014\PumaClient.vcxproj" (build target(s)).

Build succeeded.

Time Elapsed 00:00:01.94
